Time: 2020-04-18 15:04:05
Fixed Message: Window Malfunction 	Error Code: 1

Time: 2020-04-18 15:06:04
Fixed Message: Power Out 	Error Code: 2

Time: 2020-04-19 17:42:06
Fixed Message: Power Out 	Error Code: 2

Time: 2020-04-19 18:18:39
Fixed Message: Power Out 	Error Code: 0

Time: 2020-04-19 18:20:13
Fixed Message: Power Out 	No Error Code: 

Time: 2020-04-19 18:20:13
Fixed Message: Power Out 	No Error Code: 

Time: 2020-04-19 18:21:03
Fixed Message: Power Out 	No Error Code: 

Time: 2020-04-19 18:21:13
Fixed Message: Power Out 	No Error Code 

Time: 2020-04-19 18:25:26
Fixed Message: Power Out 	No Error Code 

Time: 2020-04-19 18:26:35
Fixed Message: Power Out 	No Error Code 

Time: 2020-04-19 18:29:16
Fixed Message: Power Out 	No Error Code 

Time: 2020-04-19 18:30:15
Fixed Message: Power Out 	No Error Code 

Time: 2020-04-20 01:13:20
Fixed Message: Power Out 	No Error Code 

Time: 2020-04-20 01:13:40
Fixed Message: Power Out 	No Error Code 

Time: 2020-04-20 01:14:14
Fixed Message: Power Out 	No Error Code 

Time: 2020-04-20 01:15:36
Fixed Message: Power Out 	No Error Code 

Time: 2020-04-20 01:15:39
Fixed Message: Power Out 	No Error Code 

Time: 2020-04-20 01:16:05
Fixed Message: Power Out 	No Error Code 

Time: 2020-04-20 01:17:25
Fixed Message: Power Out 	No Error Code 

Time: 2020-04-20 01:18:16
Fixed Message: Power Out 	No Error Code 

Time: 2020-04-20 10:20:32
Fixed Message: Power Out 	No Error Code 

Time: 2020-04-20 10:22:41
Fixed Message: Power Out 	No Error Code 

Time: 2020-04-20 10:27:57
Fixed Message: Power Out 	No Error Code 

Time: 2020-04-20 10:28:23
Fixed Message: Power Out 	No Error Code 

Time: 2020-04-20 10:28:38
Fixed Message: Power Out 	No Error Code 

Time: 2020-04-20 10:28:50
Fixed Message: Power Out 	No Error Code 

Time: 2020-04-20 10:31:06
Fixed Message: Power Out 	No Error Code 

Time: 2020-04-20 10:31:22
Fixed Message: Power Out 	No Error Code 

Time: 2020-04-20 10:35:23
Fixed Message: Power Out 	No Error Code 

Time: 2020-04-20 10:35:52
Fixed Message: Power Out 	No Error Code 

Time: 2020-04-20 10:36:21
Fixed Message: Power Out 	No Error Code 

Time: 2020-04-20 10:48:49
Fixed Message: Power Out 	No Error Code 

Time: 2020-04-20 10:49:03
Fixed Message: Power Out 	No Error Code 

Time: 2020-04-20 20:16:09
Fixed Message: Power Out 	No Error Code 

Time: 2020-04-20 20:21:05
Fixed Message: Window Malfunction 	No Error Code 

Time: 2020-04-21 13:19:52
Fixed Message: Power Out 	No Error Code 

Time: 2020-04-21 14:35:58
Fixed Message: Power Out 	No Error Code 

Time: 2020-04-21 14:36:55
Fixed Message: Power Out 	No Error Code 

Time: 2020-04-21 14:37:35
Fixed Message: Power Out 	No Error Code 

Time: 2020-04-21 15:24:05
Fixed Message: Power Out 	No Error Code 

Time: 2020-04-21 15:25:17
Fixed Message: Power Out 	No Error Code 

Time: 2020-04-21 16:31:00
Fixed Message: Power Out 	No Error Code 

Time: 2020-04-21 16:34:09
Fixed Message: Power Out 	No Error Code 

Time: 2020-04-21 16:35:08
Fixed Message: Window Malfunction 	No Error Code 

Time: 2020-04-21 16:36:33
Fixed Message: Power Out 	No Error Code 

Time: 2020-04-21 16:36:57
Fixed Message: Power Out 	No Error Code 

Time: 2020-04-21 16:37:40
Fixed Message: Power Out 	No Error Code 

Time: 2020-04-21 16:38:40
Fixed Message: Power Out 	No Error Code 

Time: 2020-04-21 16:39:20
Fixed Message: Window Malfunction 	No Error Code 

Time: 2020-04-21 17:19:34
Fixed Message: Window Malfunction 	No Error Code 

Time: 2020-05-08 13:05:09
Fixed Message: Window Malfunction 	No Error Code 

Time: 2020-05-11 18:59:34
Fixed Message: Power Out 	No Error Code 

Time: 2020-05-11 19:00:03
Fixed Message: Power Out 	No Error Code 

Time: 2020-05-11 19:02:33
Fixed Message: Window Malfunction 	No Error Code 

Time: 2020-05-11 19:02:44
Fixed Message: Window Malfunction 	No Error Code 

